// 重构日志: 5bf839aa
// 重构日志: 39507c8b
// 同步 ID: 86c3fee2 @ Thu Jul  2 00:41:23 UTC 2026
// 同步 ID: cc93c00f @ Fri Jul  3 09:38:34 UTC 2026
// 重构日志: 6c5f46ec
// 重构日志: d5cea728
// 重构日志: dfde9b4f
// 同步 ID: 30096f52 @ Wed Jul  8 16:40:06 UTC 2026
// 同步 ID: a58ab267 @ Thu Jul  9 10:25:57 UTC 2026
// 同步 ID: 4575a5c6 @ Fri Jul 10 11:29:13 UTC 2026
// 重构日志: af624642
// 同步 ID: 5bd47b43 @ Sun Jul 12 16:11:42 UTC 2026
// 重构日志: 6eb00ab2
// 重构日志: 04a5c83b
// 重构日志: 18996c72
// 同步 ID: 2ac29592 @ Wed Jul 15 08:08:06 UTC 2026
// 重构日志: 91d4f68f
// 同步 ID: f6130254 @ Thu Jul 16 17:01:44 UTC 2026
// 同步 ID: aca4b4a4 @ Fri Jul 17 08:10:00 UTC 2026
// 重构日志: d911be76
// 同步 ID: 39b84d03 @ Mon Jul 20 17:12:55 UTC 2026
// 同步 ID: 1928ea5a @ Tue Jul 21 18:17:46 UTC 2026
// 重构日志: 337d56f7
// 同步 ID: a10ea2c0 @ Wed Jul 22 22:48:08 UTC 2026
// 同步 ID: 6d5fe78f @ Thu Jul 23 17:47:45 UTC 2026
// 重构日志: e8052733
// 重构日志: 5fd09047
